[02:31:43] [main/WARN]: Ambiguity between arguments [teleport, destination] and [teleport, targets] with inputs: [Player, 0123, @e, dd12be42-52a9-4a91-a8a1-11c01849e498]
[02:31:43] [main/WARN]: Ambiguity between arguments [teleport, location] and [teleport, destination] with inputs: [0.1 -0.5 .9, 0 0 0]
[02:31:43] [main/WARN]: Ambiguity between arguments [teleport, location] and [teleport, targets] with inputs: [0.1 -0.5 .9, 0 0 0]
[02:31:43] [main/WARN]: Ambiguity between arguments [teleport, targets] and [teleport, destination] with inputs: [Player, 0123, dd12be42-52a9-4a91-a8a1-11c01849e498]
[02:31:43] [main/WARN]: Ambiguity between arguments [teleport, targets, location] and [teleport, targets, destination] with inputs: [0.1 -0.5 .9, 0 0 0]
[02:31:44] [Server thread/INFO]: Starting minecraft server version 1.14
[02:31:44] [Server thread/INFO]: Loading properties
[02:31:44] [Server thread/INFO]: Default game type: SURVIVAL
[02:31:44] [Server thread/INFO]: Generating keypair
[02:31:44] [Server thread/INFO]: Starting Minecraft server on *:25565
[02:31:44] [Server thread/INFO]: Using epoll channel type
[02:31:44] [Server thread/WARN]: **** SERVER IS RUNNING IN OFFLINE/INSECURE MODE!
[02:31:44] [Server thread/WARN]: The server will make no attempt to authenticate usernames. Beware.
[02:31:44] [Server thread/WARN]: While this makes the game possible to play without internet access, it also opens up the ability for hackers to connect with any username they choose.
[02:31:44] [Server thread/WARN]: To change this, set "online-mode" to "true" in the server.properties file.
[02:31:44] [Server thread/INFO]: Preparing level "world"
[02:31:44] [Server thread/INFO]: Found new data pack vanilla, loading it automatically
[02:31:44] [Server thread/INFO]: Reloading ResourceManager: Default
[02:31:54] [Server thread/INFO]: Loaded 6 recipes
[02:31:54] [Server thread/INFO]: Loaded 811 advancements
[02:31:54] [Server thread/WARN]: Unable to find spawn biome
[02:32:00] [Server thread/INFO]: Preparing start region for dimension minecraft:overworld
[02:32:01] [Server-Worker-3/INFO]: Preparing spawn area: 8%
[02:32:01] [Server-Worker-1/INFO]: Preparing spawn area: 8%
[02:32:01] [Server-Worker-2/INFO]: Preparing spawn area: 13%
[02:32:02] [Server-Worker-2/INFO]: Preparing spawn area: 13%
[02:32:02] [Server-Worker-1/INFO]: Preparing spawn area: 18%
[02:32:03] [Server-Worker-3/INFO]: Preparing spawn area: 18%
[02:32:03] [Server-Worker-2/INFO]: Preparing spawn area: 18%
[02:32:04] [Server-Worker-1/INFO]: Preparing spawn area: 25%
[02:32:04] [Server-Worker-3/INFO]: Preparing spawn area: 28%
[02:32:05] [Server-Worker-3/INFO]: Preparing spawn area: 30%
[02:32:05] [Server-Worker-2/INFO]: Preparing spawn area: 30%
[02:32:06] [Server-Worker-2/INFO]: Preparing spawn area: 30%
[02:32:06] [Server-Worker-1/INFO]: Preparing spawn area: 43%
[02:32:07] [Server-Worker-2/INFO]: Preparing spawn area: 46%
[02:32:07] [Server-Worker-2/INFO]: Preparing spawn area: 48%
[02:32:08] [Server-Worker-2/INFO]: Preparing spawn area: 54%
[02:32:09] [Server-Worker-1/INFO]: Preparing spawn area: 57%
[02:32:09] [Server-Worker-3/INFO]: Preparing spawn area: 62%
[02:32:10] [Server-Worker-2/INFO]: Preparing spawn area: 66%
[02:32:10] [Server-Worker-3/INFO]: Preparing spawn area: 70%
[02:32:10] [Server-Worker-3/INFO]: Preparing spawn area: 75%
[02:32:11] [Server-Worker-1/INFO]: Preparing spawn area: 79%
[02:32:11] [Server-Worker-2/INFO]: Preparing spawn area: 84%
[02:32:12] [Server-Worker-3/INFO]: Preparing spawn area: 87%
[02:32:13] [Server-Worker-1/INFO]: Preparing spawn area: 92%
[02:32:13] [Server-Worker-3/INFO]: Preparing spawn area: 96%
[02:32:13] [Server thread/INFO]: Time elapsed: 12865 ms
[02:32:13] [Server thread/INFO]: Done (29.386s)! For help, type "help"
